<?xml version="1.0" encoding="UTF-8"?>
<testsuite name="com.bestbuy.bestbuyinfo.StoreCRUDTestWithSteps" time="0.001" tests="4" errors="4" skipped="0" failures="0">
  <properties>
[...]
</properties>
  <testcase name="test001" classname="com.bestbuy.bestbuyinfo.StoreCRUDTestWithSteps" time="0.001">
    <error type="java.lang.NullPointerException:">java.lang.NullPointerException: null
	at com.bestbuy.bestbuyinfo.StoreCRUDTestWithSteps.test001(StoreCRUDTestWithSteps.java:56)
</error>
    <system-err><![CDATA[4700 [main] INFO net.serenitybdd.core.Serenity - 
        __    _____ _____ ____ _____   ____   _    ____  ____  _____ ____  
  _     \ \  |_   _| ____/ ___|_   _| |  _ \ / \  / ___|/ ___|| ____|  _ \ 
 (_)_____| |   | | |  _| \___ \ | |   | |_) / _ \ \___ \\___ \|  _| | | | |
  _|_____| |   | | | |___ ___) || |   |  __/ ___ \ ___) |___) | |___| |_| |
 (_)     | |   |_| |_____|____/ |_|   |_| /_/   \_\____/|____/|_____|____/ 
        /_/                                                                

TEST PASSED: Delete the product and verify if the product is deleted!
----------------------------------------------------------------------------
4820 [pool-1-thread-2] INFO net.thucydides.core.reports.json.JSONTestOutcomeReporter - Generating JSON report for Verify if the product was added to the list to file C:\Users\Vivek\IdeaProjects\project1-bestbuy-serenity-sw2\target\site\serenity\831ecf1a12467000c46f43741603af88b6f87aae7f4ebf04be68e5fe0be17a33.json (using temp file C:\Users\Vivek\IdeaProjects\project1-bestbuy-serenity-sw2\target\site\serenity\831ecf1a12467000c46f43741603af88b6f87aae7f4ebf04be68e5fe0be17a33.jsonc077bb19-c68b-473e-98c9-7dfd6ffdee60)
4820 [pool-1-thread-1] INFO net.thucydides.core.reports.json.JSONTestOutcomeReporter - Generating JSON report for This will create new product to file C:\Users\Vivek\IdeaProjects\project1-bestbuy-serenity-sw2\target\site\serenity\a907783f3d5a1c2a6278d3639cdb455aa9b98c111299630ff95531d1c6b3cc5e.json (using temp file C:\Users\Vivek\IdeaProjects\project1-bestbuy-serenity-sw2\target\site\serenity\a907783f3d5a1c2a6278d3639cdb455aa9b98c111299630ff95531d1c6b3cc5e.json20e30ad5-2c81-480c-87c2-01d1b09236f9)
4820 [pool-1-thread-4] INFO net.thucydides.core.reports.json.JSONTestOutcomeReporter - Generating JSON report for Delete the product and verify if the product is deleted! to file C:\Users\Vivek\IdeaProjects\project1-bestbuy-serenity-sw2\target\site\serenity\ce81fd4199cfed21d95a20baf75f60830898d35911b0902e7a0c24478f753b17.json (using temp file C:\Users\Vivek\IdeaProjects\project1-bestbuy-serenity-sw2\target\site\serenity\ce81fd4199cfed21d95a20baf75f60830898d35911b0902e7a0c24478f753b17.json0973bdb4-7ad4-4af8-8425-ad2b2a351e02)
4820 [pool-1-thread-3] INFO net.thucydides.core.reports.json.JSONTestOutcomeReporter - Generating JSON report for Update the product information to file C:\Users\Vivek\IdeaProjects\project1-bestbuy-serenity-sw2\target\site\serenity\b1cba3f018f130c7de348b447a7371e62c426c8f20e24dade505abda4d7ad4e8.json (using temp file C:\Users\Vivek\IdeaProjects\project1-bestbuy-serenity-sw2\target\site\serenity\b1cba3f018f130c7de348b447a7371e62c426c8f20e24dade505abda4d7ad4e8.jsonb0663782-f7f1-4660-abb0-e373e12d94ab)
5052 [pool-2-thread-1] INFO net.thucydides.core.reports.html.HtmlAcceptanceTestReporter - GENERATING HTML REPORT FOR Product CRUD test with steps:test001 in a907783f3d5a1c2a6278d3639cdb455aa9b98c111299630ff95531d1c6b3cc5e.html in directory target\site\serenity  
5052 [pool-2-thread-2] INFO net.thucydides.core.reports.html.HtmlAcceptanceTestReporter - GENERATING HTML REPORT FOR Product CRUD test with steps:test002 in 831ecf1a12467000c46f43741603af88b6f87aae7f4ebf04be68e5fe0be17a33.html in directory target\site\serenity  
5052 [pool-2-thread-4] INFO net.thucydides.core.reports.html.HtmlAcceptanceTestReporter - GENERATING HTML REPORT FOR Product CRUD test with steps:test004 in ce81fd4199cfed21d95a20baf75f60830898d35911b0902e7a0c24478f753b17.html in directory target\site\serenity  
5052 [pool-2-thread-3] INFO net.thucydides.core.reports.html.HtmlAcceptanceTestReporter - GENERATING HTML REPORT FOR Product CRUD test with steps:test003 in b1cba3f018f130c7de348b447a7371e62c426c8f20e24dade505abda4d7ad4e8.html in directory target\site\serenity  
]]></system-err>
  </testcase>
  <testcase name="test002" classname="com.bestbuy.bestbuyinfo.StoreCRUDTestWithSteps" time="0">
    <error type="java.lang.NullPointerException:">java.lang.NullPointerException: null
	at com.bestbuy.bestbuyinfo.StoreCRUDTestWithSteps.test002(StoreCRUDTestWithSteps.java:65)
</error>
  </testcase>
  <testcase name="test003" classname="com.bestbuy.bestbuyinfo.StoreCRUDTestWithSteps" time="0">
    <error type="java.lang.NullPointerException:">java.lang.NullPointerException: null
	at com.bestbuy.bestbuyinfo.StoreCRUDTestWithSteps.test003(StoreCRUDTestWithSteps.java:74)
</error>
  </testcase>
  <testcase name="test004" classname="com.bestbuy.bestbuyinfo.StoreCRUDTestWithSteps" time="0">
    <error type="java.lang.NullPointerException:">java.lang.NullPointerException: null
	at com.bestbuy.bestbuyinfo.StoreCRUDTestWithSteps.test004(StoreCRUDTestWithSteps.java:84)
</error>
  </testcase>
</testsuite>