<?xml version="1.0" encoding="UTF-8"?><testsuite errors="0" failures="0" name="com.bestbuy.bestbuyinfo.ProductCRUDTestWithSteps" skipped="0" tests="4" time="3.97" timestamp="2023-01-03T13:58:18.844Z[Europe/London]"><testcase classname="com.bestbuy.bestbuyinfo.ProductCRUDTestWithSteps" name="This will create new product"/><testcase classname="com.bestbuy.bestbuyinfo.ProductCRUDTestWithSteps" name="Verify if the product was added to the list"/><testcase classname="com.bestbuy.bestbuyinfo.ProductCRUDTestWithSteps" name="Update the product information"/><testcase classname="com.bestbuy.bestbuyinfo.ProductCRUDTestWithSteps" name="Delete the product and verify if the product is deleted!"/></testsuite>